<?xml version="1.0" encoding="UTF-8"?>
<testsuite xmlns:xsi="http://www.w3.org/2001/XMLSchema-instance" xsi:noNamespaceSchemaLocation="https://maven.apache.org/surefire/maven-surefire-plugin/xsd/surefire-test-report.xsd" name="com.autentia.example.splitbill.delivery.rest.GroupPaymentControllerTest" time="1.554" tests="5" errors="0" skipped="0" failures="0">
  <properties>
[...]
</properties>
  <testcase name="shouldReturn_HttpBADREQUEST_WhenPaymentInvalid" classname="com.autentia.example.splitbill.delivery.rest.GroupPaymentControllerTest" time="0.34"/>
  <testcase name="shouldReturn_HttpINTERNALSERVERERROR_WhenPaymentIsNotDone" classname="com.autentia.example.splitbill.delivery.rest.GroupPaymentControllerTest" time="0.003"/>
  <testcase name="shouldReturn_HttpACCEPTED_WhenPaymentIsDone" classname="com.autentia.example.splitbill.delivery.rest.GroupPaymentControllerTest" time="0.002"/>
  <testcase name="shouldReturn_HttpUNAUTHORIZED_WhenGroupIsInvalid" classname="com.autentia.example.splitbill.delivery.rest.GroupPaymentControllerTest" time="0.002"/>
  <testcase name="shouldReturn_HttpUNAUTHORIZED_WhenUserIsInvalid" classname="com.autentia.example.splitbill.delivery.rest.GroupPaymentControllerTest" time="0.002"/>
</testsuite>